<?xml version="1.0" encoding="UTF-8"?>
<testsuite xmlns:xsi="http://www.w3.org/2001/XMLSchema-instance" xsi:noNamespaceSchemaLocation="https://maven.apache.org/surefire/maven-surefire-plugin/xsd/surefire-test-report-3.0.xsd" version="3.0" name="com.golomb.GolombRulerTest" time="0.045" tests="11" errors="0" skipped="0" failures="0">
  <properties>
[...]
</properties>
  <testcase name="testFindMissingDistances" classname="com.golomb.GolombRulerTest" time="0.007"/>
  <testcase name="testEmptyRuler" classname="com.golomb.GolombRulerTest" time="0.003"/>
  <testcase name="testValidRulerCreation" classname="com.golomb.GolombRulerTest" time="0.005"/>
  <testcase name="testToString" classname="com.golomb.GolombRulerTest" time="0.011"/>
  <testcase name="testSingleMarkRuler" classname="com.golomb.GolombRulerTest" time="0.001"/>
  <testcase name="testInvalidRulerCreation" classname="com.golomb.GolombRulerTest" time="0.003"/>
  <testcase name="testRulerOfWithUnsortedPositions" classname="com.golomb.GolombRulerTest" time="0.0"/>
  <testcase name="testCalculateDistances" classname="com.golomb.GolombRulerTest" time="0.0"/>
  <testcase name="testRulerOf" classname="com.golomb.GolombRulerTest" time="0.0"/>
  <testcase name="testToFormattedString" classname="com.golomb.GolombRulerTest" time="0.001"/>
  <testcase name="testIsValid" classname="com.golomb.GolombRulerTest" time="0.001"/>
</testsuite>